<?xml version="1.0" encoding="UTF-8"?>
<!-- Generated by org.testng.reporters.JUnitReportReporter -->
<testsuite hostname="DESKTOP-DSCC08C" failures="0" tests="2" name="crm.com.logtest.CrmLoginLogsTest" time="21.987" errors="0" timestamp="06 Oct 2023 20:35:07 GMT" skipped="0">
  <testcase classname="crm.com.logtest.CrmLoginLogsTest" name="freeCrmTitleLogsTest" time="10.557"/>
  <testcase classname="crm.com.logtest.CrmLoginLogsTest" name="freemCRMLogoLogsTest" time="11.430"/>
</testsuite> <!-- crm.com.logtest.CrmLoginLogsTest -->
