<?xml version="1.0" encoding="UTF-8"?>
<!-- Generated by org.testng.reporters.JUnitReportReporter -->
<testsuite hostname="DESKTOP-DSCC08C" failures="0" tests="2" name="crm.com.logtest.CrmLoginLogsTest" time="22.082" errors="0" timestamp="06 Oct 2023 20:54:15 GMT" skipped="0">
  <testcase classname="crm.com.logtest.CrmLoginLogsTest" name="freeCrmTitleLogsTest" time="11.557"/>
  <testcase classname="crm.com.logtest.CrmLoginLogsTest" name="freemCRMLogoLogsTest" time="10.525"/>
</testsuite> <!-- crm.com.logtest.CrmLoginLogsTest -->
